2023.09.28 23:31:52 INFO  Started: Metals version 1.0.1 in folders '/home/buri/BuriProjects/azul' for client Visual Studio Code 1.82.2.[0m
Sep 28, 2023 11:31:53 PM org.flywaydb.core.internal.license.VersionPrinter printVersionOnly
INFO: Flyway Community Edition 9.21.2 by Redgate
Sep 28, 2023 11:31:53 PM org.flywaydb.core.internal.license.VersionPrinter printVersion
INFO: See release notes here: https://rd.gt/416ObMi
Sep 28, 2023 11:31:53 PM org.flywaydb.core.internal.license.VersionPrinter printVersion
INFO: 
Sep 28, 2023 11:31:53 PM org.flywaydb.core.FlywayExecutor execute
INFO: Database: jdbc:h2:file:/home/buri/BuriProjects/azul/.metals/metals (H2 2.1)
Sep 28, 2023 11:31:53 PM org.flywaydb.core.internal.schemahistory.JdbcTableSchemaHistory allAppliedMigrations
INFO: Schema history table "PUBLIC"."flyway_schema_history" does not exist yet
Sep 28, 2023 11:31:53 PM org.flywaydb.core.internal.command.DbValidate validate
INFO: Successfully validated 4 migrations (execution time 00:00.021s)
Sep 28, 2023 11:31:53 PM org.flywaydb.core.internal.schemahistory.JdbcTableSchemaHistory create
INFO: Creating Schema History table "PUBLIC"."flyway_schema_history" ...
Sep 28, 2023 11:31:53 PM org.flywaydb.core.internal.command.DbMigrate migrateGroup
INFO: Current version of schema "PUBLIC": << Empty Schema >>
Sep 28, 2023 11:31:53 PM org.flywaydb.core.internal.command.DbMigrate doMigrateGroup
INFO: Migrating schema "PUBLIC" to version "1 - Create tables"
Sep 28, 2023 11:31:53 PM org.flywaydb.core.internal.command.DbMigrate doMigrateGroup
INFO: Migrating schema "PUBLIC" to version "2 - Server discovery"
Sep 28, 2023 11:31:53 PM org.flywaydb.core.internal.command.DbMigrate doMigrateGroup
INFO: Migrating schema "PUBLIC" to version "3 - Jar symbols"
Sep 28, 2023 11:31:53 PM org.flywaydb.core.internal.command.DbMigrate doMigrateGroup
INFO: Migrating schema "PUBLIC" to version "4 - Fingerprints"
Sep 28, 2023 11:31:53 PM org.flywaydb.core.internal.command.DbMigrate logSummary
INFO: Successfully applied 4 migrations to schema "PUBLIC", now at version v4 (execution time 00:00.023s)
2023.09.28 23:31:53 INFO  time: initialize in 0.68s[0m
2023.09.28 23:32:00 INFO  no build target found for /home/buri/BuriProjects/azul/scala/hello.scala. Using presentation compiler with project's scala-library version: 3.3.0[0m
2023.09.28 23:32:00 WARN  no build target for: /home/buri/BuriProjects/azul/scala/hello.scala[0m
Sep 28, 2023 11:32:00 PM org.eclipse.lsp4j.jsonrpc.RemoteEndpoint handleCancellation
WARNING: Unmatched cancel notification for request id 2
Sep 28, 2023 11:32:00 PM org.eclipse.lsp4j.jsonrpc.RemoteEndpoint handleCancellation
WARNING: Unmatched cancel notification for request id 7
Sep 28, 2023 11:32:00 PM org.eclipse.lsp4j.jsonrpc.RemoteEndpoint handleCancellation
WARNING: Unmatched cancel notification for request id 10
Sep 28, 2023 11:32:00 PM org.eclipse.lsp4j.jsonrpc.RemoteEndpoint handleCancellation
WARNING: Unmatched cancel notification for request id 11
Sep 28, 2023 11:32:00 PM org.eclipse.lsp4j.jsonrpc.RemoteEndpoint handleCancellation
WARNING: Unmatched cancel notification for request id 14
2023.09.28 23:32:00 WARN  no build target for: /home/buri/BuriProjects/azul/scala/hello.scala[0m
2023.09.28 23:32:01 INFO  Running List(/home/buri/.local/share/coursier/bin/scala-cli, setup-ide, /home/buri/BuriProjects/azul)[0m
2023.09.28 23:32:01 INFO  Attempting to connect to the build server...[0m
2023.09.28 23:32:01 INFO  Running BSP server List(/home/buri/.local/share/coursier/bin/.scala-cli.aux, bsp, --json-options, /home/buri/BuriProjects/azul/.scala-build/ide-options-v2.json, /home/buri/BuriProjects/azul)[0m
2023.09.28 23:32:01 WARN  No build session currently active to reload.[0m
2023.09.28 23:32:01 INFO  tracing is disabled for protocol BSP, to enable tracing of incoming and outgoing JSON messages create an empty file at /home/buri/BuriProjects/azul/.metals/bsp.trace.json or /home/buri/.cache/metals/bsp.trace.json[0m
2023.09.28 23:32:01 INFO  time: code lens generation in 6.39s[0m
2023.09.28 23:32:02 WARN  Could not find semantic tokens for: file:///home/buri/BuriProjects/azul/scala/hello.scala[0m
2023.09.28 23:32:02 INFO  time: code lens generation in 2.18s[0m
2023.09.28 23:32:02 INFO  time: code lens generation in 2.16s[0m
2023.09.28 23:32:02 INFO  time: code lens generation in 2.19s[0m
2023.09.28 23:32:03 INFO  BSP server: Checking https://repo1.maven.org/maven2/org/scala-lang/scala-library/[0m
2023.09.28 23:32:03 INFO  BSP server: Checked https://repo1.maven.org/maven2/org/scala-lang/scala-library/[0m
2023.09.28 23:32:03 INFO  BSP server: Checking https://repo1.maven.org/maven2/org/scala-lang/scala-library/maven-metadata.xml[0m
2023.09.28 23:32:03 INFO  BSP server: Checked https://repo1.maven.org/maven2/org/scala-lang/scala-library/maven-metadata.xml[0m
2023.09.28 23:32:03 INFO  BSP server: Checking https://repo1.maven.org/maven2/org/scala-lang/scala3-library_3/[0m
2023.09.28 23:32:03 INFO  BSP server: Checked https://repo1.maven.org/maven2/org/scala-lang/scala3-library_3/[0m
2023.09.28 23:32:03 INFO  BSP server: Downloading https://repo1.maven.org/maven2/org/scala-lang/scala3-library_3/[0m
2023.09.28 23:32:04 WARN  no build target for: /home/buri/BuriProjects/azul/scala/hello.scala[0m
2023.09.28 23:32:05 INFO  BSP server: Downloaded https://repo1.maven.org/maven2/org/scala-lang/scala3-library_3/[0m
2023.09.28 23:32:05 INFO  BSP server: Checking https://repo1.maven.org/maven2/org/scala-lang/scala3-library_3/maven-metadata.xml[0m
2023.09.28 23:32:05 INFO  BSP server: Checked https://repo1.maven.org/maven2/org/scala-lang/scala3-library_3/maven-metadata.xml[0m
2023.09.28 23:32:05 INFO  BSP server: Downloading https://repo1.maven.org/maven2/org/scala-lang/scala3-library_3/maven-metadata.xml[0m
2023.09.28 23:32:05 INFO  BSP server: Downloaded https://repo1.maven.org/maven2/org/scala-lang/scala3-library_3/maven-metadata.xml[0m
2023.09.28 23:32:06 INFO  time: Connected to build server in 4.74s[0m
2023.09.28 23:32:06 INFO  Connected to Build server: scala-cli v1.0.4[0m
2023.09.28 23:32:06 INFO  compiling azul_bd2c96d2de (1 scala source and 1 java source)[0m
2023.09.28 23:32:07 WARN  Error reading API from class file: java.hello : java.lang.SecurityException: Prohibited package name: java[0m
2023.09.28 23:32:07 INFO  time: compiled azul_bd2c96d2de in 1.34s[0m
2023.09.28 23:32:08 INFO  time: indexed workspace in 2.22s[0m
2023.09.28 23:32:13 INFO  compiling azul_bd2c96d2de (1 scala source)[0m
2023.09.28 23:32:13 INFO  time: compiled azul_bd2c96d2de in 0.14s[0m
2023.09.28 23:32:24 INFO  compiling azul_bd2c96d2de (1 scala source)[0m
2023.09.28 23:32:24 INFO  time: compiled azul_bd2c96d2de in 95ms[0m
2023.09.28 23:32:26 INFO  compiling azul_bd2c96d2de (1 scala source)[0m
2023.09.28 23:32:26 INFO  time: compiled azul_bd2c96d2de in 0.49s[0m
2023.09.28 23:32:30 INFO  compiling azul_bd2c96d2de (1 scala source)[0m
2023.09.28 23:32:30 INFO  time: compiled azul_bd2c96d2de in 0.46s[0m
2023.09.28 23:41:12 INFO  Shutting down server[0m
2023.09.28 23:41:12 INFO  shutting down Metals[0m
2023.09.28 23:41:12 INFO  Shut down connection with build server.[0m
2023.09.28 23:41:12 INFO  Exiting server[0m
2023.09.28 23:41:21 INFO  Started: Metals version 1.0.1 in folders '/home/buri/BuriProjects/azul' for client Visual Studio Code 1.82.2.[0m
Sep 28, 2023 11:41:21 PM org.flywaydb.core.internal.license.VersionPrinter printVersionOnly
INFO: Flyway Community Edition 9.21.2 by Redgate
Sep 28, 2023 11:41:21 PM org.flywaydb.core.internal.license.VersionPrinter printVersion
INFO: See release notes here: https://rd.gt/416ObMi
Sep 28, 2023 11:41:21 PM org.flywaydb.core.internal.license.VersionPrinter printVersion
INFO: 
Sep 28, 2023 11:41:21 PM org.flywaydb.core.FlywayExecutor execute
INFO: Database: jdbc:h2:file:/home/buri/BuriProjects/azul/.metals/metals (H2 2.1)
Sep 28, 2023 11:41:21 PM org.flywaydb.core.internal.command.DbValidate validate
INFO: Successfully validated 4 migrations (execution time 00:00.022s)
Sep 28, 2023 11:41:21 PM org.flywaydb.core.internal.command.DbMigrate migrateGroup
INFO: Current version of schema "PUBLIC": 4
Sep 28, 2023 11:41:21 PM org.flywaydb.core.internal.command.DbMigrate logSummary
INFO: Schema "PUBLIC" is up to date. No migration necessary.
2023.09.28 23:41:21 INFO  time: initialize in 0.68s[0m
2023.09.28 23:41:23 INFO  Attempting to connect to the build server...[0m
2023.09.28 23:41:23 INFO  Running BSP server List(/home/buri/.local/share/coursier/bin/.scala-cli.aux, bsp, --json-options, /home/buri/BuriProjects/azul/.scala-build/ide-options-v2.json, /home/buri/BuriProjects/azul)[0m
2023.09.28 23:41:23 INFO  tracing is disabled for protocol BSP, to enable tracing of incoming and outgoing JSON messages create an empty file at /home/buri/BuriProjects/azul/.metals/bsp.trace.json or /home/buri/.cache/metals/bsp.trace.json[0m
2023.09.28 23:41:23 WARN  No build session currently active to reload.[0m
2023.09.28 23:41:23 INFO  time: Connected to build server in 0.46s[0m
2023.09.28 23:41:23 INFO  Connected to Build server: scala-cli v1.0.4[0m
2023.09.28 23:41:26 INFO  time: indexed workspace in 2.53s[0m
